<?xml version="1.0" encoding="UTF-8"?>
<robot generator="Robot 3.2.2 (Python 3.8.5 on win32)" generated="20201012 20:22:40.901" rpa="false">
<suite id="s1" name="Login Form" source="C:\qafullstack\Robot Beginner\web\tests\login_form.robot">
<test id="s1-t1" name="Login com sucesso">
<kw name="Nova sessão" library="base" type="setup">
<kw name="Open Browser" library="SeleniumLibrary">
<doc>Opens a new browser instance to the optional ``url``.</doc>
<arguments>
<arg>${url}</arg>
<arg>chrome</arg>
</arguments>
<msg timestamp="20201012 20:22:41.408" level="INFO">Opening browser 'chrome' to base url 'https://training-wheels-protocol.herokuapp.com/'.</msg>
<status status="PASS" starttime="20201012 20:22:41.407" endtime="20201012 20:23:03.381"></status>
</kw>
<status status="PASS" starttime="20201012 20:22:41.406" endtime="20201012 20:23:03.381"></status>
</kw>
<kw name="Go To" library="SeleniumLibrary">
<doc>Navigates the current browser window to the provided ``url``.</doc>
<arguments>
<arg>${url}login</arg>
</arguments>
<msg timestamp="20201012 20:23:03.383" level="INFO">Opening url 'https://training-wheels-protocol.herokuapp.com/login'</msg>
<status status="PASS" starttime="20201012 20:23:03.383" endtime="20201012 20:23:04.103"></status>
</kw>
<kw name="Login With">
<arguments>
<arg>stark</arg>
<arg>jarvis!</arg>
</arguments>
<kw name="Input Text" library="SeleniumLibrary">
<doc>Types the given ``text`` into the text field identified by ``locator``.</doc>
<arguments>
<arg>css:input[name=username]</arg>
<arg>${uname}</arg>
</arguments>
<msg timestamp="20201012 20:23:04.109" level="INFO">Typing text 'stark' into text field 'css:input[name=username]'.</msg>
<status status="PASS" starttime="20201012 20:23:04.107" endtime="20201012 20:23:05.022"></status>
</kw>
<kw name="Input Text" library="SeleniumLibrary">
<doc>Types the given ``text`` into the text field identified by ``locator``.</doc>
<arguments>
<arg>css:input[name=password]</arg>
<arg>${pass}</arg>
</arguments>
<msg timestamp="20201012 20:23:05.023" level="INFO">Typing text 'jarvis!' into text field 'css:input[name=password]'.</msg>
<status status="PASS" starttime="20201012 20:23:05.023" endtime="20201012 20:23:05.168"></status>
</kw>
<kw name="Click Element" library="SeleniumLibrary">
<doc>Click the element identified by ``locator``.</doc>
<arguments>
<arg>class:btn-login</arg>
</arguments>
<msg timestamp="20201012 20:23:05.168" level="INFO">Clicking element 'class:btn-login'.</msg>
<status status="PASS" starttime="20201012 20:23:05.168" endtime="20201012 20:23:06.221"></status>
</kw>
<status status="PASS" starttime="20201012 20:23:04.104" endtime="20201012 20:23:06.222"></status>
</kw>
<kw name="Should See Logged User">
<arguments>
<arg>Tony Stark</arg>
</arguments>
<kw name="Page Should Contain" library="SeleniumLibrary">
<doc>Verifies that current page contains ``text``.</doc>
<arguments>
<arg>Olá, ${full_name}. Você acessou a área logada!</arg>
</arguments>
<msg timestamp="20201012 20:23:06.257" level="INFO">Current page contains text 'Olá, Tony Stark. Você acessou a área logada!'.</msg>
<status status="PASS" starttime="20201012 20:23:06.224" endtime="20201012 20:23:06.257"></status>
</kw>
<status status="PASS" starttime="20201012 20:23:06.223" endtime="20201012 20:23:06.257"></status>
</kw>
<kw name="Encerra sessão" library="base" type="teardown">
<kw name="Capture Page Screenshot" library="SeleniumLibrary">
<doc>Takes a screenshot of the current page and embeds it into a log file.</doc>
<msg timestamp="20201012 20:23:06.760" level="INFO" html="yes">&lt;/td&gt;&lt;/tr&gt;&lt;tr&gt;&lt;td colspan="3"&gt;&lt;a href="selenium-screenshot-22.png"&gt;&lt;img src="selenium-screenshot-22.png" width="800px"&gt;&lt;/a&gt;</msg>
<status status="PASS" starttime="20201012 20:23:06.260" endtime="20201012 20:23:06.761"></status>
</kw>
<kw name="Close Browser" library="SeleniumLibrary">
<doc>Closes the current browser.</doc>
<status status="PASS" starttime="20201012 20:23:06.761" endtime="20201012 20:23:09.129"></status>
</kw>
<status status="PASS" starttime="20201012 20:23:06.258" endtime="20201012 20:23:09.130"></status>
</kw>
<status status="PASS" starttime="20201012 20:22:41.405" endtime="20201012 20:23:09.132" critical="yes"></status>
</test>
<test id="s1-t2" name="Senha inválida">
<kw name="Nova sessão" library="base" type="setup">
<kw name="Open Browser" library="SeleniumLibrary">
<doc>Opens a new browser instance to the optional ``url``.</doc>
<arguments>
<arg>${url}</arg>
<arg>chrome</arg>
</arguments>
<msg timestamp="20201012 20:23:09.149" level="INFO">Opening browser 'chrome' to base url 'https://training-wheels-protocol.herokuapp.com/'.</msg>
<status status="PASS" starttime="20201012 20:23:09.148" endtime="20201012 20:23:20.158"></status>
</kw>
<status status="PASS" starttime="20201012 20:23:09.147" endtime="20201012 20:23:20.159"></status>
</kw>
<kw name="Go To" library="SeleniumLibrary">
<doc>Navigates the current browser window to the provided ``url``.</doc>
<arguments>
<arg>${url}login</arg>
</arguments>
<msg timestamp="20201012 20:23:20.161" level="INFO">Opening url 'https://training-wheels-protocol.herokuapp.com/login'</msg>
<status status="PASS" starttime="20201012 20:23:20.160" endtime="20201012 20:23:20.866"></status>
</kw>
<kw name="Login With">
<arguments>
<arg>stark</arg>
<arg>jarvis</arg>
</arguments>
<kw name="Input Text" library="SeleniumLibrary">
<doc>Types the given ``text`` into the text field identified by ``locator``.</doc>
<arguments>
<arg>css:input[name=username]</arg>
<arg>${uname}</arg>
</arguments>
<msg timestamp="20201012 20:23:20.875" level="INFO">Typing text 'stark' into text field 'css:input[name=username]'.</msg>
<status status="PASS" starttime="20201012 20:23:20.874" endtime="20201012 20:23:21.021"></status>
</kw>
<kw name="Input Text" library="SeleniumLibrary">
<doc>Types the given ``text`` into the text field identified by ``locator``.</doc>
<arguments>
<arg>css:input[name=password]</arg>
<arg>${pass}</arg>
</arguments>
<msg timestamp="20201012 20:23:21.022" level="INFO">Typing text 'jarvis' into text field 'css:input[name=password]'.</msg>
<status status="PASS" starttime="20201012 20:23:21.021" endtime="20201012 20:23:21.166"></status>
</kw>
<kw name="Click Element" library="SeleniumLibrary">
<doc>Click the element identified by ``locator``.</doc>
<arguments>
<arg>class:btn-login</arg>
</arguments>
<msg timestamp="20201012 20:23:21.168" level="INFO">Clicking element 'class:btn-login'.</msg>
<status status="PASS" starttime="20201012 20:23:21.167" endtime="20201012 20:23:21.807"></status>
</kw>
<status status="PASS" starttime="20201012 20:23:20.873" endtime="20201012 20:23:21.807"></status>
</kw>
<kw name="Should Contain Alert">
<arguments>
<arg>Senha é invalida!</arg>
</arguments>
<kw name="Get WebElement" library="SeleniumLibrary">
<doc>Returns the first WebElement matching the given ``locator``.</doc>
<arguments>
<arg>id:flash</arg>
</arguments>
<assign>
<var>${message}</var>
</assign>
<msg timestamp="20201012 20:23:21.832" level="INFO">${message} = &lt;selenium.webdriver.remote.webelement.WebElement (session="e3ca40d7ae82046f86d43a20c27073d2", element="0.3889707045773343-1")&gt;</msg>
<status status="PASS" starttime="20201012 20:23:21.810" endtime="20201012 20:23:21.832"></status>
</kw>
<kw name="Should Contain" library="BuiltIn">
<doc>Fails if ``container`` does not contain ``item`` one or more times.</doc>
<arguments>
<arg>${message.text}</arg>
<arg>${expect_message}</arg>
</arguments>
<status status="PASS" starttime="20201012 20:23:21.832" endtime="20201012 20:23:21.975"></status>
</kw>
<status status="PASS" starttime="20201012 20:23:21.808" endtime="20201012 20:23:21.976"></status>
</kw>
<kw name="Encerra sessão" library="base" type="teardown">
<kw name="Capture Page Screenshot" library="SeleniumLibrary">
<doc>Takes a screenshot of the current page and embeds it into a log file.</doc>
<msg timestamp="20201012 20:23:22.425" level="INFO" html="yes">&lt;/td&gt;&lt;/tr&gt;&lt;tr&gt;&lt;td colspan="3"&gt;&lt;a href="selenium-screenshot-23.png"&gt;&lt;img src="selenium-screenshot-23.png" width="800px"&gt;&lt;/a&gt;</msg>
<status status="PASS" starttime="20201012 20:23:21.980" endtime="20201012 20:23:22.426"></status>
</kw>
<kw name="Close Browser" library="SeleniumLibrary">
<doc>Closes the current browser.</doc>
<status status="PASS" starttime="20201012 20:23:22.427" endtime="20201012 20:23:24.760"></status>
</kw>
<status status="PASS" starttime="20201012 20:23:21.978" endtime="20201012 20:23:24.761"></status>
</kw>
<tags>
<tag>login_error</tag>
</tags>
<status status="PASS" starttime="20201012 20:23:09.146" endtime="20201012 20:23:24.762" critical="yes"></status>
</test>
<test id="s1-t3" name="Usuário não existe">
<kw name="Nova sessão" library="base" type="setup">
<kw name="Open Browser" library="SeleniumLibrary">
<doc>Opens a new browser instance to the optional ``url``.</doc>
<arguments>
<arg>${url}</arg>
<arg>chrome</arg>
</arguments>
<msg timestamp="20201012 20:23:24.768" level="INFO">Opening browser 'chrome' to base url 'https://training-wheels-protocol.herokuapp.com/'.</msg>
<status status="PASS" starttime="20201012 20:23:24.768" endtime="20201012 20:23:34.011"></status>
</kw>
<status status="PASS" starttime="20201012 20:23:24.767" endtime="20201012 20:23:34.012"></status>
</kw>
<kw name="Go To" library="SeleniumLibrary">
<doc>Navigates the current browser window to the provided ``url``.</doc>
<arguments>
<arg>${url}login</arg>
</arguments>
<msg timestamp="20201012 20:23:34.013" level="INFO">Opening url 'https://training-wheels-protocol.herokuapp.com/login'</msg>
<status status="PASS" starttime="20201012 20:23:34.013" endtime="20201012 20:23:34.678"></status>
</kw>
<kw name="Login With">
<arguments>
<arg>regina</arg>
<arg>jarvis!</arg>
</arguments>
<kw name="Input Text" library="SeleniumLibrary">
<doc>Types the given ``text`` into the text field identified by ``locator``.</doc>
<arguments>
<arg>css:input[name=username]</arg>
<arg>${uname}</arg>
</arguments>
<msg timestamp="20201012 20:23:34.681" level="INFO">Typing text 'regina' into text field 'css:input[name=username]'.</msg>
<status status="PASS" starttime="20201012 20:23:34.681" endtime="20201012 20:23:34.807"></status>
</kw>
<kw name="Input Text" library="SeleniumLibrary">
<doc>Types the given ``text`` into the text field identified by ``locator``.</doc>
<arguments>
<arg>css:input[name=password]</arg>
<arg>${pass}</arg>
</arguments>
<msg timestamp="20201012 20:23:34.808" level="INFO">Typing text 'jarvis!' into text field 'css:input[name=password]'.</msg>
<status status="PASS" starttime="20201012 20:23:34.808" endtime="20201012 20:23:34.951"></status>
</kw>
<kw name="Click Element" library="SeleniumLibrary">
<doc>Click the element identified by ``locator``.</doc>
<arguments>
<arg>class:btn-login</arg>
</arguments>
<msg timestamp="20201012 20:23:34.952" level="INFO">Clicking element 'class:btn-login'.</msg>
<status status="PASS" starttime="20201012 20:23:34.951" endtime="20201012 20:23:35.875"></status>
</kw>
<status status="PASS" starttime="20201012 20:23:34.679" endtime="20201012 20:23:35.875"></status>
</kw>
<kw name="Should Contain Alert">
<arguments>
<arg>O usuário informado não está cadastrado!</arg>
</arguments>
<kw name="Get WebElement" library="SeleniumLibrary">
<doc>Returns the first WebElement matching the given ``locator``.</doc>
<arguments>
<arg>id:flash</arg>
</arguments>
<assign>
<var>${message}</var>
</assign>
<msg timestamp="20201012 20:23:35.905" level="INFO">${message} = &lt;selenium.webdriver.remote.webelement.WebElement (session="325917311e76d4506bbd7423b94e4d8d", element="0.3344071270443558-1")&gt;</msg>
<status status="PASS" starttime="20201012 20:23:35.878" endtime="20201012 20:23:35.905"></status>
</kw>
<kw name="Should Contain" library="BuiltIn">
<doc>Fails if ``container`` does not contain ``item`` one or more times.</doc>
<arguments>
<arg>${message.text}</arg>
<arg>${expect_message}</arg>
</arguments>
<status status="PASS" starttime="20201012 20:23:35.905" endtime="20201012 20:23:35.936"></status>
</kw>
<status status="PASS" starttime="20201012 20:23:35.877" endtime="20201012 20:23:35.936"></status>
</kw>
<kw name="Sleep" library="BuiltIn">
<doc>Pauses the test executed for the given time.</doc>
<arguments>
<arg>5</arg>
</arguments>
<msg timestamp="20201012 20:23:40.938" level="INFO">Slept 5 seconds</msg>
<status status="PASS" starttime="20201012 20:23:35.938" endtime="20201012 20:23:40.938"></status>
</kw>
<kw name="Encerra sessão" library="base" type="teardown">
<kw name="Capture Page Screenshot" library="SeleniumLibrary">
<doc>Takes a screenshot of the current page and embeds it into a log file.</doc>
<msg timestamp="20201012 20:23:41.341" level="INFO" html="yes">&lt;/td&gt;&lt;/tr&gt;&lt;tr&gt;&lt;td colspan="3"&gt;&lt;a href="selenium-screenshot-24.png"&gt;&lt;img src="selenium-screenshot-24.png" width="800px"&gt;&lt;/a&gt;</msg>
<status status="PASS" starttime="20201012 20:23:40.940" endtime="20201012 20:23:41.341"></status>
</kw>
<kw name="Close Browser" library="SeleniumLibrary">
<doc>Closes the current browser.</doc>
<status status="PASS" starttime="20201012 20:23:41.342" endtime="20201012 20:23:45.100"></status>
</kw>
<status status="PASS" starttime="20201012 20:23:40.939" endtime="20201012 20:23:45.101"></status>
</kw>
<tags>
<tag>login_user</tag>
</tags>
<status status="PASS" starttime="20201012 20:23:24.765" endtime="20201012 20:23:45.102" critical="yes"></status>
</test>
<status status="PASS" starttime="20201012 20:22:40.906" endtime="20201012 20:23:45.108"></status>
</suite>
<statistics>
<total>
<stat pass="3" fail="0">Critical Tests</stat>
<stat pass="3" fail="0">All Tests</stat>
</total>
<tag>
<stat pass="1" fail="0">login_error</stat>
<stat pass="1" fail="0">login_user</stat>
</tag>
<suite>
<stat pass="3" fail="0" id="s1" name="Login Form">Login Form</stat>
</suite>
</statistics>
<errors>
</errors>
</robot>
